25 Apr 2023 11:44:19,413 TestNG-tests-1 - Couldn't find template in cache for "spark/spark.spa.ftl"("en_IN", UTF-8, parsed); will try to load it.
25 Apr 2023 11:44:19,413 TestNG-tests-1 - TemplateLoader.findTemplateSource("spark/spark.spa_en_IN.ftl"): Not found
25 Apr 2023 11:44:19,429 TestNG-tests-1 - TemplateLoader.findTemplateSource("spark/spark.spa_en.ftl"): Not found
25 Apr 2023 11:44:19,429 TestNG-tests-1 - TemplateLoader.findTemplateSource("spark/spark.spa.ftl"): Found
25 Apr 2023 11:44:19,429 TestNG-tests-1 - Loading template for "spark/spark.spa.ftl"("en_IN", UTF-8, parsed) from "jar:file:/C:/Users/jyothirmai.sunkara/.m2/repository/com/aventstack/extentreports/5.0.8/extentreports-5.0.8.jar!/com/aventstack/extentreports/templates/spark/spark.spa.ftl"
25 Apr 2023 11:44:19,717 TestNG-tests-1 - Couldn't find template in cache for "commons/commons-variables.ftl"("en_IN", UTF-8, parsed); will try to load it.
25 Apr 2023 11:44:19,717 TestNG-tests-1 - TemplateLoader.findTemplateSource("commons/commons-variables_en_IN.ftl"): Not found
25 Apr 2023 11:44:19,717 TestNG-tests-1 - TemplateLoader.findTemplateSource("commons/commons-variables_en.ftl"): Not found
25 Apr 2023 11:44:19,717 TestNG-tests-1 - TemplateLoader.findTemplateSource("commons/commons-variables.ftl"): Found
25 Apr 2023 11:44:19,717 TestNG-tests-1 - Loading template for "commons/commons-variables.ftl"("en_IN", UTF-8, parsed) from "jar:file:/C:/Users/jyothirmai.sunkara/.m2/repository/com/aventstack/extentreports/5.0.8/extentreports-5.0.8.jar!/com/aventstack/extentreports/templates/commons/commons-variables.ftl"
25 Apr 2023 11:44:20,117 TestNG-tests-1 - Couldn't find template in cache for "commons/commons-macros.ftl"("en_IN", UTF-8, parsed); will try to load it.
25 Apr 2023 11:44:20,117 TestNG-tests-1 - TemplateLoader.findTemplateSource("commons/commons-macros_en_IN.ftl"): Not found
25 Apr 2023 11:44:20,117 TestNG-tests-1 - TemplateLoader.findTemplateSource("commons/commons-macros_en.ftl"): Not found
25 Apr 2023 11:44:20,117 TestNG-tests-1 - TemplateLoader.findTemplateSource("commons/commons-macros.ftl"): Found
25 Apr 2023 11:44:20,117 TestNG-tests-1 - Loading template for "commons/commons-macros.ftl"("en_IN", UTF-8, parsed) from "jar:file:/C:/Users/jyothirmai.sunkara/.m2/repository/com/aventstack/extentreports/5.0.8/extentreports-5.0.8.jar!/com/aventstack/extentreports/templates/commons/commons-macros.ftl"
25 Apr 2023 11:44:20,139 TestNG-tests-1 - Couldn't find template in cache for "spark/macros/attributes.ftl"("en_IN", UTF-8, parsed); will try to load it.
25 Apr 2023 11:44:20,140 TestNG-tests-1 - TemplateLoader.findTemplateSource("spark/macros/attributes_en_IN.ftl"): Not found
25 Apr 2023 11:44:20,140 TestNG-tests-1 - TemplateLoader.findTemplateSource("spark/macros/attributes_en.ftl"): Not found
25 Apr 2023 11:44:20,140 TestNG-tests-1 - TemplateLoader.findTemplateSource("spark/macros/attributes.ftl"): Found
25 Apr 2023 11:44:20,140 TestNG-tests-1 - Loading template for "spark/macros/attributes.ftl"("en_IN", UTF-8, parsed) from "jar:file:/C:/Users/jyothirmai.sunkara/.m2/repository/com/aventstack/extentreports/5.0.8/extentreports-5.0.8.jar!/com/aventstack/extentreports/templates/spark/macros/attributes.ftl"
25 Apr 2023 11:44:20,143 TestNG-tests-1 - Couldn't find template in cache for "spark/macros/log.ftl"("en_IN", UTF-8, parsed); will try to load it.
25 Apr 2023 11:44:20,143 TestNG-tests-1 - TemplateLoader.findTemplateSource("spark/macros/log_en_IN.ftl"): Not found
25 Apr 2023 11:44:20,143 TestNG-tests-1 - TemplateLoader.findTemplateSource("spark/macros/log_en.ftl"): Not found
25 Apr 2023 11:44:20,147 TestNG-tests-1 - TemplateLoader.findTemplateSource("spark/macros/log.ftl"): Found
25 Apr 2023 11:44:20,147 TestNG-tests-1 - Loading template for "spark/macros/log.ftl"("en_IN", UTF-8, parsed) from "jar:file:/C:/Users/jyothirmai.sunkara/.m2/repository/com/aventstack/extentreports/5.0.8/extentreports-5.0.8.jar!/com/aventstack/extentreports/templates/spark/macros/log.ftl"
25 Apr 2023 11:44:20,151 TestNG-tests-1 - Couldn't find template in cache for "spark/macros/recurse_nodes.ftl"("en_IN", UTF-8, parsed); will try to load it.
25 Apr 2023 11:44:20,151 TestNG-tests-1 - TemplateLoader.findTemplateSource("spark/macros/recurse_nodes_en_IN.ftl"): Not found
25 Apr 2023 11:44:20,152 TestNG-tests-1 - TemplateLoader.findTemplateSource("spark/macros/recurse_nodes_en.ftl"): Not found
25 Apr 2023 11:44:20,152 TestNG-tests-1 - TemplateLoader.findTemplateSource("spark/macros/recurse_nodes.ftl"): Found
25 Apr 2023 11:44:20,152 TestNG-tests-1 - Loading template for "spark/macros/recurse_nodes.ftl"("en_IN", UTF-8, parsed) from "jar:file:/C:/Users/jyothirmai.sunkara/.m2/repository/com/aventstack/extentreports/5.0.8/extentreports-5.0.8.jar!/com/aventstack/extentreports/templates/spark/macros/recurse_nodes.ftl"
25 Apr 2023 11:44:20,156 TestNG-tests-1 - "spark/macros/log.ftl"("en_IN", UTF-8, parsed) cached copy not yet stale; using cached.
25 Apr 2023 11:44:20,156 TestNG-tests-1 - Couldn't find template in cache for "spark/macros/attr-common.ftl"("en_IN", UTF-8, parsed); will try to load it.
25 Apr 2023 11:44:20,156 TestNG-tests-1 - TemplateLoader.findTemplateSource("spark/macros/attr-common_en_IN.ftl"): Not found
25 Apr 2023 11:44:20,156 TestNG-tests-1 - TemplateLoader.findTemplateSource("spark/macros/attr-common_en.ftl"): Not found
25 Apr 2023 11:44:20,156 TestNG-tests-1 - TemplateLoader.findTemplateSource("spark/macros/attr-common.ftl"): Found
25 Apr 2023 11:44:20,156 TestNG-tests-1 - Loading template for "spark/macros/attr-common.ftl"("en_IN", UTF-8, parsed) from "jar:file:/C:/Users/jyothirmai.sunkara/.m2/repository/com/aventstack/extentreports/5.0.8/extentreports-5.0.8.jar!/com/aventstack/extentreports/templates/spark/macros/attr-common.ftl"
25 Apr 2023 11:44:20,207 TestNG-tests-1 - Couldn't find template in cache for "spark/partials/head.ftl"("en_IN", UTF-8, parsed); will try to load it.
25 Apr 2023 11:44:20,208 TestNG-tests-1 - TemplateLoader.findTemplateSource("spark/partials/head_en_IN.ftl"): Not found
25 Apr 2023 11:44:20,208 TestNG-tests-1 - TemplateLoader.findTemplateSource("spark/partials/head_en.ftl"): Not found
25 Apr 2023 11:44:20,208 TestNG-tests-1 - TemplateLoader.findTemplateSource("spark/partials/head.ftl"): Found
25 Apr 2023 11:44:20,208 TestNG-tests-1 - Loading template for "spark/partials/head.ftl"("en_IN", UTF-8, parsed) from "jar:file:/C:/Users/jyothirmai.sunkara/.m2/repository/com/aventstack/extentreports/5.0.8/extentreports-5.0.8.jar!/com/aventstack/extentreports/templates/spark/partials/head.ftl"
25 Apr 2023 11:44:20,219 TestNG-tests-1 - Couldn't find template in cache for "commons/commons-inject-css.ftl"("en_IN", UTF-8, parsed); will try to load it.
25 Apr 2023 11:44:20,219 TestNG-tests-1 - TemplateLoader.findTemplateSource("commons/commons-inject-css_en_IN.ftl"): Not found
25 Apr 2023 11:44:20,219 TestNG-tests-1 - TemplateLoader.findTemplateSource("commons/commons-inject-css_en.ftl"): Not found
25 Apr 2023 11:44:20,220 TestNG-tests-1 - TemplateLoader.findTemplateSource("commons/commons-inject-css.ftl"): Found
25 Apr 2023 11:44:20,220 TestNG-tests-1 - Loading template for "commons/commons-inject-css.ftl"("en_IN", UTF-8, parsed) from "jar:file:/C:/Users/jyothirmai.sunkara/.m2/repository/com/aventstack/extentreports/5.0.8/extentreports-5.0.8.jar!/com/aventstack/extentreports/templates/commons/commons-inject-css.ftl"
25 Apr 2023 11:44:20,223 TestNG-tests-1 - Couldn't find template in cache for "spark/partials/navbar.ftl"("en_IN", UTF-8, parsed); will try to load it.
25 Apr 2023 11:44:20,223 TestNG-tests-1 - TemplateLoader.findTemplateSource("spark/partials/navbar_en_IN.ftl"): Not found
25 Apr 2023 11:44:20,225 TestNG-tests-1 - TemplateLoader.findTemplateSource("spark/partials/navbar_en.ftl"): Not found
25 Apr 2023 11:44:20,225 TestNG-tests-1 - TemplateLoader.findTemplateSource("spark/partials/navbar.ftl"): Found
25 Apr 2023 11:44:20,225 TestNG-tests-1 - Loading template for "spark/partials/navbar.ftl"("en_IN", UTF-8, parsed) from "jar:file:/C:/Users/jyothirmai.sunkara/.m2/repository/com/aventstack/extentreports/5.0.8/extentreports-5.0.8.jar!/com/aventstack/extentreports/templates/spark/partials/navbar.ftl"
25 Apr 2023 11:44:20,241 TestNG-tests-1 - Couldn't find template in cache for "spark/partials/sidenav.ftl"("en_IN", UTF-8, parsed); will try to load it.
25 Apr 2023 11:44:20,242 TestNG-tests-1 - TemplateLoader.findTemplateSource("spark/partials/sidenav_en_IN.ftl"): Not found
25 Apr 2023 11:44:20,244 TestNG-tests-1 - TemplateLoader.findTemplateSource("spark/partials/sidenav_en.ftl"): Not found
25 Apr 2023 11:44:20,245 TestNG-tests-1 - TemplateLoader.findTemplateSource("spark/partials/sidenav.ftl"): Found
25 Apr 2023 11:44:20,245 TestNG-tests-1 - Loading template for "spark/partials/sidenav.ftl"("en_IN", UTF-8, parsed) from "jar:file:/C:/Users/jyothirmai.sunkara/.m2/repository/com/aventstack/extentreports/5.0.8/extentreports-5.0.8.jar!/com/aventstack/extentreports/templates/spark/partials/sidenav.ftl"
25 Apr 2023 11:44:20,282 TestNG-tests-1 - Couldn't find template in cache for "spark/partials/test.ftl"("en_IN", UTF-8, parsed); will try to load it.
25 Apr 2023 11:44:20,283 TestNG-tests-1 - TemplateLoader.findTemplateSource("spark/partials/test_en_IN.ftl"): Not found
25 Apr 2023 11:44:20,283 TestNG-tests-1 - TemplateLoader.findTemplateSource("spark/partials/test_en.ftl"): Not found
25 Apr 2023 11:44:20,285 TestNG-tests-1 - TemplateLoader.findTemplateSource("spark/partials/test.ftl"): Found
25 Apr 2023 11:44:20,285 TestNG-tests-1 - Loading template for "spark/partials/test.ftl"("en_IN", UTF-8, parsed) from "jar:file:/C:/Users/jyothirmai.sunkara/.m2/repository/com/aventstack/extentreports/5.0.8/extentreports-5.0.8.jar!/com/aventstack/extentreports/templates/spark/partials/test.ftl"
25 Apr 2023 11:44:20,314 TestNG-tests-1 - Couldn't find template in cache for "spark/partials/standard-content.ftl"("en_IN", UTF-8, parsed); will try to load it.
25 Apr 2023 11:44:20,321 TestNG-tests-1 - TemplateLoader.findTemplateSource("spark/partials/standard-content_en_IN.ftl"): Not found
25 Apr 2023 11:44:20,322 TestNG-tests-1 - TemplateLoader.findTemplateSource("spark/partials/standard-content_en.ftl"): Not found
25 Apr 2023 11:44:20,322 TestNG-tests-1 - TemplateLoader.findTemplateSource("spark/partials/standard-content.ftl"): Found
25 Apr 2023 11:44:20,322 TestNG-tests-1 - Loading template for "spark/partials/standard-content.ftl"("en_IN", UTF-8, parsed) from "jar:file:/C:/Users/jyothirmai.sunkara/.m2/repository/com/aventstack/extentreports/5.0.8/extentreports-5.0.8.jar!/com/aventstack/extentreports/templates/spark/partials/standard-content.ftl"
25 Apr 2023 11:44:20,330 TestNG-tests-1 - "spark/partials/standard-content.ftl"("en_IN", UTF-8, parsed) cached copy not yet stale; using cached.
25 Apr 2023 11:44:20,338 TestNG-tests-1 - "spark/partials/standard-content.ftl"("en_IN", UTF-8, parsed) cached copy not yet stale; using cached.
25 Apr 2023 11:44:20,340 TestNG-tests-1 - "spark/partials/standard-content.ftl"("en_IN", UTF-8, parsed) cached copy not yet stale; using cached.
25 Apr 2023 11:44:20,340 TestNG-tests-1 - Couldn't find template in cache for "spark/partials/exception.ftl"("en_IN", UTF-8, parsed); will try to load it.
25 Apr 2023 11:44:20,340 TestNG-tests-1 - TemplateLoader.findTemplateSource("spark/partials/exception_en_IN.ftl"): Not found
25 Apr 2023 11:44:20,340 TestNG-tests-1 - TemplateLoader.findTemplateSource("spark/partials/exception_en.ftl"): Not found
25 Apr 2023 11:44:20,340 TestNG-tests-1 - TemplateLoader.findTemplateSource("spark/partials/exception.ftl"): Found
25 Apr 2023 11:44:20,340 TestNG-tests-1 - Loading template for "spark/partials/exception.ftl"("en_IN", UTF-8, parsed) from "jar:file:/C:/Users/jyothirmai.sunkara/.m2/repository/com/aventstack/extentreports/5.0.8/extentreports-5.0.8.jar!/com/aventstack/extentreports/templates/spark/partials/exception.ftl"
25 Apr 2023 11:44:20,346 TestNG-tests-1 - Couldn't find template in cache for "spark/partials/category.ftl"("en_IN", UTF-8, parsed); will try to load it.
25 Apr 2023 11:44:20,347 TestNG-tests-1 - TemplateLoader.findTemplateSource("spark/partials/category_en_IN.ftl"): Not found
25 Apr 2023 11:44:20,347 TestNG-tests-1 - TemplateLoader.findTemplateSource("spark/partials/category_en.ftl"): Not found
25 Apr 2023 11:44:20,347 TestNG-tests-1 - TemplateLoader.findTemplateSource("spark/partials/category.ftl"): Found
25 Apr 2023 11:44:20,347 TestNG-tests-1 - Loading template for "spark/partials/category.ftl"("en_IN", UTF-8, parsed) from "jar:file:/C:/Users/jyothirmai.sunkara/.m2/repository/com/aventstack/extentreports/5.0.8/extentreports-5.0.8.jar!/com/aventstack/extentreports/templates/spark/partials/category.ftl"
25 Apr 2023 11:44:20,354 TestNG-tests-1 - Couldn't find template in cache for "spark/partials/device.ftl"("en_IN", UTF-8, parsed); will try to load it.
25 Apr 2023 11:44:20,354 TestNG-tests-1 - TemplateLoader.findTemplateSource("spark/partials/device_en_IN.ftl"): Not found
25 Apr 2023 11:44:20,354 TestNG-tests-1 - TemplateLoader.findTemplateSource("spark/partials/device_en.ftl"): Not found
25 Apr 2023 11:44:20,354 TestNG-tests-1 - TemplateLoader.findTemplateSource("spark/partials/device.ftl"): Found
25 Apr 2023 11:44:20,354 TestNG-tests-1 - Loading template for "spark/partials/device.ftl"("en_IN", UTF-8, parsed) from "jar:file:/C:/Users/jyothirmai.sunkara/.m2/repository/com/aventstack/extentreports/5.0.8/extentreports-5.0.8.jar!/com/aventstack/extentreports/templates/spark/partials/device.ftl"
25 Apr 2023 11:44:20,354 TestNG-tests-1 - Couldn't find template in cache for "spark/partials/author.ftl"("en_IN", UTF-8, parsed); will try to load it.
25 Apr 2023 11:44:20,354 TestNG-tests-1 - TemplateLoader.findTemplateSource("spark/partials/author_en_IN.ftl"): Not found
25 Apr 2023 11:44:20,354 TestNG-tests-1 - TemplateLoader.findTemplateSource("spark/partials/author_en.ftl"): Not found
25 Apr 2023 11:44:20,361 TestNG-tests-1 - TemplateLoader.findTemplateSource("spark/partials/author.ftl"): Found
25 Apr 2023 11:44:20,362 TestNG-tests-1 - Loading template for "spark/partials/author.ftl"("en_IN", UTF-8, parsed) from "jar:file:/C:/Users/jyothirmai.sunkara/.m2/repository/com/aventstack/extentreports/5.0.8/extentreports-5.0.8.jar!/com/aventstack/extentreports/templates/spark/partials/author.ftl"
25 Apr 2023 11:44:20,364 TestNG-tests-1 - Couldn't find template in cache for "spark/partials/log.ftl"("en_IN", UTF-8, parsed); will try to load it.
25 Apr 2023 11:44:20,364 TestNG-tests-1 - TemplateLoader.findTemplateSource("spark/partials/log_en_IN.ftl"): Not found
25 Apr 2023 11:44:20,364 TestNG-tests-1 - TemplateLoader.findTemplateSource("spark/partials/log_en.ftl"): Not found
25 Apr 2023 11:44:20,364 TestNG-tests-1 - TemplateLoader.findTemplateSource("spark/partials/log.ftl"): Found
25 Apr 2023 11:44:20,364 TestNG-tests-1 - Loading template for "spark/partials/log.ftl"("en_IN", UTF-8, parsed) from "jar:file:/C:/Users/jyothirmai.sunkara/.m2/repository/com/aventstack/extentreports/5.0.8/extentreports-5.0.8.jar!/com/aventstack/extentreports/templates/spark/partials/log.ftl"
25 Apr 2023 11:44:20,364 TestNG-tests-1 - Couldn't find template in cache for "spark/partials/dashboard.ftl"("en_IN", UTF-8, parsed); will try to load it.
25 Apr 2023 11:44:20,364 TestNG-tests-1 - TemplateLoader.findTemplateSource("spark/partials/dashboard_en_IN.ftl"): Not found
25 Apr 2023 11:44:20,364 TestNG-tests-1 - TemplateLoader.findTemplateSource("spark/partials/dashboard_en.ftl"): Not found
25 Apr 2023 11:44:20,364 TestNG-tests-1 - TemplateLoader.findTemplateSource("spark/partials/dashboard.ftl"): Found
25 Apr 2023 11:44:20,364 TestNG-tests-1 - Loading template for "spark/partials/dashboard.ftl"("en_IN", UTF-8, parsed) from "jar:file:/C:/Users/jyothirmai.sunkara/.m2/repository/com/aventstack/extentreports/5.0.8/extentreports-5.0.8.jar!/com/aventstack/extentreports/templates/spark/partials/dashboard.ftl"
25 Apr 2023 11:44:20,457 TestNG-tests-1 - Couldn't find template in cache for "spark/partials/scripts.ftl"("en_IN", UTF-8, parsed); will try to load it.
25 Apr 2023 11:44:20,457 TestNG-tests-1 - TemplateLoader.findTemplateSource("spark/partials/scripts_en_IN.ftl"): Not found
25 Apr 2023 11:44:20,462 TestNG-tests-1 - TemplateLoader.findTemplateSource("spark/partials/scripts_en.ftl"): Not found
25 Apr 2023 11:44:20,463 TestNG-tests-1 - TemplateLoader.findTemplateSource("spark/partials/scripts.ftl"): Found
25 Apr 2023 11:44:20,463 TestNG-tests-1 - Loading template for "spark/partials/scripts.ftl"("en_IN", UTF-8, parsed) from "jar:file:/C:/Users/jyothirmai.sunkara/.m2/repository/com/aventstack/extentreports/5.0.8/extentreports-5.0.8.jar!/com/aventstack/extentreports/templates/spark/partials/scripts.ftl"
25 Apr 2023 11:44:20,463 TestNG-tests-1 - Couldn't find template in cache for "commons/commons-inject-js.ftl"("en_IN", UTF-8, parsed); will try to load it.
25 Apr 2023 11:44:20,463 TestNG-tests-1 - TemplateLoader.findTemplateSource("commons/commons-inject-js_en_IN.ftl"): Not found
25 Apr 2023 11:44:20,463 TestNG-tests-1 - TemplateLoader.findTemplateSource("commons/commons-inject-js_en.ftl"): Not found
25 Apr 2023 11:44:20,463 TestNG-tests-1 - TemplateLoader.findTemplateSource("commons/commons-inject-js.ftl"): Found
25 Apr 2023 11:44:20,463 TestNG-tests-1 - Loading template for "commons/commons-inject-js.ftl"("en_IN", UTF-8, parsed) from "jar:file:/C:/Users/jyothirmai.sunkara/.m2/repository/com/aventstack/extentreports/5.0.8/extentreports-5.0.8.jar!/com/aventstack/extentreports/templates/commons/commons-inject-js.ftl"
